<?xml version="1.0" encoding="UTF-8"?>
<testsuite name="com.bridgelabz.MyStackTest" tests="1" skipped="0" failures="0" errors="0" timestamp="2021-06-10T13:20:46" hostname="LAPTOP-DILI6N8Q" time="0.004">
  <properties/>
  <testcase name="Provide3Number_whenDelete_shouldDeleteFromStart" classname="com.bridgelabz.MyStackTest" time="0.004"/>
  <system-out><![CDATA[]]></system-out>
  <system-err><![CDATA[]]></system-err>
</testsuite>
