<?xml version="1.0" encoding="UTF-8"?>
<testsuite name="com.bridgelabz.MyStackTest" tests="1" skipped="0" failures="0" errors="0" timestamp="2021-06-10T13:08:22" hostname="LAPTOP-DILI6N8Q" time="0.007">
  <properties/>
  <testcase name="Provide3Number_WhenPop_shouldPoppedFromLast" classname="com.bridgelabz.MyStackTest" time="0.007"/>
  <system-out><![CDATA[My nodesMyNode{next=MyNode{next=MyNode{next=null, key=null}, key=null}, key=null}
Size of linked list0
My nodesMyNode{next=MyNode{next=null, key=null}, key=null}
Size of linked list0
My nodesMyNode{next=null, key=null}
Size of linked list0
My nodesnull
Size of linked list0
]]></system-out>
  <system-err><![CDATA[]]></system-err>
</testsuite>
