<?xml version="1.0" encoding="UTF-8"?>
<testsuite name="com.bridgelabz.MyStackTest" tests="2" skipped="0" failures="0" errors="0" timestamp="2021-06-10T12:56:43" hostname="LAPTOP-DILI6N8Q" time="0.006">
  <properties/>
  <testcase name="Provide3Number_WhenAddedToStackInSequence_TestCaseShouldPass" classname="com.bridgelabz.MyStackTest" time="0.005"/>
  <testcase name="Provide3Number_WhenAddedToStackNotInSequence_TestCaseShouldPass" classname="com.bridgelabz.MyStackTest" time="0.0"/>
  <system-out><![CDATA[]]></system-out>
  <system-err><![CDATA[]]></system-err>
</testsuite>
